c:\users\kcp\desktop\gzp_oo_103522085\gzp_oo_103522085\debug\vc120.pdb
c:\users\kcp\desktop\gzp_oo_103522085\gzp_oo_103522085\debug\vc120.idb
c:\users\kcp\desktop\gzp_oo_103522085\gzp_oo_103522085\debug\canvas.obj
c:\users\kcp\desktop\gzp_oo_103522085\gzp_oo_103522085\debug\classbox.obj
c:\users\kcp\desktop\gzp_oo_103522085\gzp_oo_103522085\debug\classboxmode.obj
c:\users\kcp\desktop\gzp_oo_103522085\gzp_oo_103522085\debug\compositionline.obj
c:\users\kcp\desktop\gzp_oo_103522085\gzp_oo_103522085\debug\compositionlinemode.obj
c:\users\kcp\desktop\gzp_oo_103522085\gzp_oo_103522085\debug\generalizationline.obj
c:\users\kcp\desktop\gzp_oo_103522085\gzp_oo_103522085\debug\generalizationlinemode.obj
c:\users\kcp\desktop\gzp_oo_103522085\gzp_oo_103522085\debug\groupobj.obj
c:\users\kcp\desktop\gzp_oo_103522085\gzp_oo_103522085\debug\gzp_uml_edit.obj
c:\users\kcp\desktop\gzp_oo_103522085\gzp_oo_103522085\debug\lineobj.obj
c:\users\kcp\desktop\gzp_oo_103522085\gzp_oo_103522085\debug\mode.obj
c:\users\kcp\desktop\gzp_oo_103522085\gzp_oo_103522085\debug\mybutton.obj
c:\users\kcp\desktop\gzp_oo_103522085\gzp_oo_103522085\debug\mydialogforname.obj
c:\users\kcp\desktop\gzp_oo_103522085\gzp_oo_103522085\debug\mydocument.obj
c:\users\kcp\desktop\gzp_oo_103522085\gzp_oo_103522085\debug\myframe.obj
c:\users\kcp\desktop\gzp_oo_103522085\gzp_oo_103522085\debug\myview.obj
c:\users\kcp\desktop\gzp_oo_103522085\gzp_oo_103522085\debug\port.obj
c:\users\kcp\desktop\gzp_oo_103522085\gzp_oo_103522085\debug\seletemode.obj
c:\users\kcp\desktop\gzp_oo_103522085\gzp_oo_103522085\debug\usecasebox.obj
c:\users\kcp\desktop\gzp_oo_103522085\gzp_oo_103522085\debug\usecaseboxmode.obj
c:\users\kcp\desktop\gzp_oo_103522085\gzp_oo_103522085\debug\associationline.obj
c:\users\kcp\desktop\gzp_oo_103522085\gzp_oo_103522085\debug\associationlinemode.obj
c:\users\kcp\desktop\gzp_oo_103522085\gzp_oo_103522085\debug\basicobj.obj
c:\users\kcp\desktop\gzp_oo_103522085\gzp_oo_103522085\debug\buttonpanel.obj
c:\users\kcp\desktop\gzp_oo_103522085\debug\gzp_oo_103522085.ilk
c:\users\kcp\desktop\gzp_oo_103522085\debug\gzp_oo_103522085.exe
c:\users\kcp\desktop\gzp_oo_103522085\debug\gzp_oo_103522085.pdb
c:\users\kcp\desktop\gzp_oo_103522085\gzp_oo_103522085\debug\gzp_oo_103522085.res
c:\users\kcp\desktop\gzp_oo_103522085\gzp_oo_103522085\debug\gzp_oo_103522085.tlog\cl.command.1.tlog
c:\users\kcp\desktop\gzp_oo_103522085\gzp_oo_103522085\debug\gzp_oo_103522085.tlog\cl.read.1.tlog
c:\users\kcp\desktop\gzp_oo_103522085\gzp_oo_103522085\debug\gzp_oo_103522085.tlog\cl.write.1.tlog
c:\users\kcp\desktop\gzp_oo_103522085\gzp_oo_103522085\debug\gzp_oo_103522085.tlog\link.command.1.tlog
c:\users\kcp\desktop\gzp_oo_103522085\gzp_oo_103522085\debug\gzp_oo_103522085.tlog\link.read.1.tlog
c:\users\kcp\desktop\gzp_oo_103522085\gzp_oo_103522085\debug\gzp_oo_103522085.tlog\link.write.1.tlog
c:\users\kcp\desktop\gzp_oo_103522085\gzp_oo_103522085\debug\gzp_oo_103522085.tlog\rc.command.1.tlog
c:\users\kcp\desktop\gzp_oo_103522085\gzp_oo_103522085\debug\gzp_oo_103522085.tlog\rc.read.1.tlog
c:\users\kcp\desktop\gzp_oo_103522085\gzp_oo_103522085\debug\gzp_oo_103522085.tlog\rc.write.1.tlog
